<?xml version="1.0" encoding="UTF-8"?>
<testsuite xmlns:xsi="http://www.w3.org/2001/XMLSchema-instance" xsi:noNamespaceSchemaLocation="https://maven.apache.org/surefire/maven-surefire-plugin/xsd/surefire-test-report-3.0.xsd" version="3.0" name="com.HabitTracker.HabitTracker.HabitTrackerApplicationTests" time="8.399" tests="1" errors="0" skipped="0" failures="0">
  <properties>
[...]
</properties>
  <testcase name="contextLoads" classname="com.HabitTracker.HabitTracker.HabitTrackerApplicationTests" time="0.477">
    <system-out><![CDATA[16:12:43.126 [main] INFO org.springframework.test.context.support.AnnotationConfigContextLoaderUtils -- Could not detect default configuration classes for test class [com.HabitTracker.HabitTracker.HabitTrackerApplicationTests]: HabitTrackerApplicationTests does not declare any static, non-private, non-final, nested classes annotated with @Configuration.
16:12:43.245 [main] INFO org.springframework.boot.test.context.SpringBootTestContextBootstrapper -- Found @SpringBootConfiguration com.HabitTracker.HabitTracker.HabitTrackerApplication for test class com.HabitTracker.HabitTracker.HabitTrackerApplicationTests

  .   ____          _            __ _ _
 /\\ / ___'_ __ _ _(_)_ __  __ _ \ \ \ \
( ( )\___ | '_ | '_| | '_ \/ _` | \ \ \ \
 \\/  ___)| |_)| | | | | || (_| |  ) ) ) )
  '  |____| .__|_| |_|_| |_\__, | / / / /
 =========|_|==============|___/=/_/_/_/
 :: Spring Boot ::                (v3.2.6)

2024-06-07T16:12:43.682+02:00  INFO 3776 --- [HabitTracker] [           main] c.H.H.HabitTrackerApplicationTests       : Starting HabitTrackerApplicationTests using Java 21.0.3 with PID 3776 (started by xamue in C:\Users\xamue\OneDrive\Documentos\workspace\HabitTracker-1\Backend\HabitTracker-master-main\HabitTracker)
2024-06-07T16:12:43.682+02:00  INFO 3776 --- [HabitTracker] [           main] c.H.H.HabitTrackerApplicationTests       : No active profile set, falling back to 1 default profile: "default"
2024-06-07T16:12:44.640+02:00  INFO 3776 --- [HabitTracker] [           main] .s.d.r.c.RepositoryConfigurationDelegate : Bootstrapping Spring Data JPA repositories in DEFAULT mode.
2024-06-07T16:12:44.702+02:00  INFO 3776 --- [HabitTracker] [           main] .s.d.r.c.RepositoryConfigurationDelegate : Finished Spring Data repository scanning in 55 ms. Found 2 JPA repository interfaces.
2024-06-07T16:12:45.400+02:00  INFO 3776 --- [HabitTracker] [           main] o.hibernate.jpa.internal.util.LogHelper  : HHH000204: Processing PersistenceUnitInfo [name: default]
2024-06-07T16:12:45.499+02:00  INFO 3776 --- [HabitTracker] [           main] org.hibernate.Version                    : HHH000412: Hibernate ORM core version 6.4.8.Final
2024-06-07T16:12:45.533+02:00  INFO 3776 --- [HabitTracker] [           main] o.h.c.internal.RegionFactoryInitiator    : HHH000026: Second-level cache disabled
2024-06-07T16:12:45.668+02:00 DEBUG 3776 --- [HabitTracker] [           main] org.hibernate.type.BasicTypeRegistry     : Adding type registration boolean -> org.hibernate.type.BasicTypeReference@2262f0d8
2024-06-07T16:12:45.668+02:00 DEBUG 3776 --- [HabitTracker] [           main] org.hibernate.type.BasicTypeRegistry     : Adding type registration boolean -> org.hibernate.type.BasicTypeReference@2262f0d8
2024-06-07T16:12:45.668+02:00 DEBUG 3776 --- [HabitTracker] [           main] org.hibernate.type.BasicTypeRegistry     : Adding type registration java.lang.Boolean -> org.hibernate.type.BasicTypeReference@2262f0d8
2024-06-07T16:12:45.668+02:00 DEBUG 3776 --- [HabitTracker] [           main] org.hibernate.type.BasicTypeRegistry     : Adding type registration numeric_boolean -> org.hibernate.type.BasicTypeReference@283a8ad6
2024-06-07T16:12:45.668+02:00 DEBUG 3776 --- [HabitTracker] [           main] org.hibernate.type.BasicTypeRegistry     : Adding type registration org.hibernate.type.NumericBooleanConverter -> org.hibernate.type.BasicTypeReference@283a8ad6
2024-06-07T16:12:45.668+02:00 DEBUG 3776 --- [HabitTracker] [           main] org.hibernate.type.BasicTypeRegistry     : Adding type registration true_false -> org.hibernate.type.BasicTypeReference@59e082f8
2024-06-07T16:12:45.668+02:00 DEBUG 3776 --- [HabitTracker] [           main] org.hibernate.type.BasicTypeRegistry     : Adding type registration org.hibernate.type.TrueFalseConverter -> org.hibernate.type.BasicTypeReference@59e082f8
2024-06-07T16:12:45.668+02:00 DEBUG 3776 --- [HabitTracker] [           main] org.hibernate.type.BasicTypeRegistry     : Adding type registration yes_no -> org.hibernate.type.BasicTypeReference@7185e611
2024-06-07T16:12:45.668+02:00 DEBUG 3776 --- [HabitTracker] [           main] org.hibernate.type.BasicTypeRegistry     : Adding type registration org.hibernate.type.YesNoConverter -> org.hibernate.type.BasicTypeReference@7185e611
2024-06-07T16:12:45.668+02:00 DEBUG 3776 --- [HabitTracker] [           main] org.hibernate.type.BasicTypeRegistry     : Adding type registration byte -> org.hibernate.type.BasicTypeReference@44d43cc9
2024-06-07T16:12:45.668+02:00 DEBUG 3776 --- [HabitTracker] [           main] org.hibernate.type.BasicTypeRegistry     : Adding type registration byte -> org.hibernate.type.BasicTypeReference@44d43cc9
2024-06-07T16:12:45.668+02:00 DEBUG 3776 --- [HabitTracker] [           main] org.hibernate.type.BasicTypeRegistry     : Adding type registration java.lang.Byte -> org.hibernate.type.BasicTypeReference@44d43cc9
2024-06-07T16:12:45.668+02:00 DEBUG 3776 --- [HabitTracker] [           main] org.hibernate.type.BasicTypeRegistry     : Adding type registration binary -> org.hibernate.type.BasicTypeReference@384472bf
2024-06-07T16:12:45.668+02:00 DEBUG 3776 --- [HabitTracker] [           main] org.hibernate.type.BasicTypeRegistry     : Adding type registration byte[] -> org.hibernate.type.BasicTypeReference@384472bf
2024-06-07T16:12:45.668+02:00 DEBUG 3776 --- [HabitTracker] [           main] org.hibernate.type.BasicTypeRegistry     : Adding type registration [B -> org.hibernate.type.BasicTypeReference@384472bf
2024-06-07T16:12:45.668+02:00 DEBUG 3776 --- [HabitTracker] [           main] org.hibernate.type.BasicTypeRegistry     : Adding type registration binary_wrapper -> org.hibernate.type.BasicTypeReference@656ec00d
2024-06-07T16:12:45.668+02:00 DEBUG 3776 --- [HabitTracker] [           main] org.hibernate.type.BasicTypeRegistry     : Adding type registration wrapper-binary -> org.hibernate.type.BasicTypeReference@656ec00d
2024-06-07T16:12:45.668+02:00 DEBUG 3776 --- [HabitTracker] [           main] org.hibernate.type.BasicTypeRegistry     : Adding type registration image -> org.hibernate.type.BasicTypeReference@3b8507df
2024-06-07T16:12:45.668+02:00 DEBUG 3776 --- [HabitTracker] [           main] org.hibernate.type.BasicTypeRegistry     : Adding type registration blob -> org.hibernate.type.BasicTypeReference@5ed25612
2024-06-07T16:12:45.668+02:00 DEBUG 3776 --- [HabitTracker] [           main] org.hibernate.type.BasicTypeRegistry     : Adding type registration java.sql.Blob -> org.hibernate.type.BasicTypeReference@5ed25612
2024-06-07T16:12:45.668+02:00 DEBUG 3776 --- [HabitTracker] [           main] org.hibernate.type.BasicTypeRegistry     : Adding type registration materialized_blob -> org.hibernate.type.BasicTypeReference@451816fd
2024-06-07T16:12:45.668+02:00 DEBUG 3776 --- [HabitTracker] [           main] org.hibernate.type.BasicTypeRegistry     : Adding type registration materialized_blob_wrapper -> org.hibernate.type.BasicTypeReference@56e5c8fb
2024-06-07T16:12:45.668+02:00 DEBUG 3776 --- [HabitTracker] [           main] org.hibernate.type.BasicTypeRegistry     : Adding type registration short -> org.hibernate.type.BasicTypeReference@45cd8607
2024-06-07T16:12:45.668+02:00 DEBUG 3776 --- [HabitTracker] [           main] org.hibernate.type.BasicTypeRegistry     : Adding type registration short -> org.hibernate.type.BasicTypeReference@45cd8607
2024-06-07T16:12:45.668+02:00 DEBUG 3776 --- [HabitTracker] [           main] org.hibernate.type.BasicTypeRegistry     : Adding type registration java.lang.Short -> org.hibernate.type.BasicTypeReference@45cd8607
2024-06-07T16:12:45.668+02:00 DEBUG 3776 --- [HabitTracker] [           main] org.hibernate.type.BasicTypeRegistry     : Adding type registration integer -> org.hibernate.type.BasicTypeReference@9e33a6a
2024-06-07T16:12:45.668+02:00 DEBUG 3776 --- [HabitTracker] [           main] org.hibernate.type.BasicTypeRegistry     : Adding type registration int -> org.hibernate.type.BasicTypeReference@9e33a6a
2024-06-07T16:12:45.668+02:00 DEBUG 3776 --- [HabitTracker] [           main] org.hibernate.type.BasicTypeRegistry     : Adding type registration java.lang.Integer -> org.hibernate.type.BasicTypeReference@9e33a6a
2024-06-07T16:12:45.668+02:00 DEBUG 3776 --- [HabitTracker] [           main] org.hibernate.type.BasicTypeRegistry     : Adding type registration long -> org.hibernate.type.BasicTypeReference@c497a55
2024-06-07T16:12:45.668+02:00 DEBUG 3776 --- [HabitTracker] [           main] org.hibernate.type.BasicTypeRegistry     : Adding type registration long -> org.hibernate.type.BasicTypeReference@c497a55
2024-06-07T16:12:45.668+02:00 DEBUG 3776 --- [HabitTracker] [           main] org.hibernate.type.BasicTypeRegistry     : Adding type registration java.lang.Long -> org.hibernate.type.BasicTypeReference@c497a55
2024-06-07T16:12:45.668+02:00 DEBUG 3776 --- [HabitTracker] [           main] org.hibernate.type.BasicTypeRegistry     : Adding type registration float -> org.hibernate.type.BasicTypeReference@7493d937
2024-06-07T16:12:45.668+02:00 DEBUG 3776 --- [HabitTracker] [           main] org.hibernate.type.BasicTypeRegistry     : Adding type registration float -> org.hibernate.type.BasicTypeReference@7493d937
2024-06-07T16:12:45.668+02:00 DEBUG 3776 --- [HabitTracker] [           main] org.hibernate.type.BasicTypeRegistry     : Adding type registration java.lang.Float -> org.hibernate.type.BasicTypeReference@7493d937
2024-06-07T16:12:45.668+02:00 DEBUG 3776 --- [HabitTracker] [           main] org.hibernate.type.BasicTypeRegistry     : Adding type registration double -> org.hibernate.type.BasicTypeReference@5dc7841c
2024-06-07T16:12:45.668+02:00 DEBUG 3776 --- [HabitTracker] [           main] org.hibernate.type.BasicTypeRegistry     : Adding type registration double -> org.hibernate.type.BasicTypeReference@5dc7841c
2024-06-07T16:12:45.668+02:00 DEBUG 3776 --- [HabitTracker] [           main] org.hibernate.type.BasicTypeRegistry     : Adding type registration java.lang.Double -> org.hibernate.type.BasicTypeReference@5dc7841c
2024-06-07T16:12:45.668+02:00 DEBUG 3776 --- [HabitTracker] [           main] org.hibernate.type.BasicTypeRegistry     : Adding type registration big_integer -> org.hibernate.type.BasicTypeReference@4d67d5a4
2024-06-07T16:12:45.668+02:00 DEBUG 3776 --- [HabitTracker] [           main] org.hibernate.type.BasicTypeRegistry     : Adding type registration java.math.BigInteger -> org.hibernate.type.BasicTypeReference@4d67d5a4
2024-06-07T16:12:45.668+02:00 DEBUG 3776 --- [HabitTracker] [           main] org.hibernate.type.BasicTypeRegistry     : Adding type registration big_decimal -> org.hibernate.type.BasicTypeReference@a3b858f
2024-06-07T16:12:45.668+02:00 DEBUG 3776 --- [HabitTracker] [           main] org.hibernate.type.BasicTypeRegistry     : Adding type registration java.math.BigDecimal -> org.hibernate.type.BasicTypeReference@a3b858f
2024-06-07T16:12:45.668+02:00 DEBUG 3776 --- [HabitTracker] [           main] org.hibernate.type.BasicTypeRegistry     : Adding type registration character -> org.hibernate.type.BasicTypeReference@600bbf9e
2024-06-07T16:12:45.668+02:00 DEBUG 3776 --- [HabitTracker] [           main] org.hibernate.type.BasicTypeRegistry     : Adding type registration char -> org.hibernate.type.BasicTypeReference@600bbf9e
2024-06-07T16:12:45.668+02:00 DEBUG 3776 --- [HabitTracker] [           main] org.hibernate.type.BasicTypeRegistry     : Adding type registration java.lang.Character -> org.hibernate.type.BasicTypeReference@600bbf9e
2024-06-07T16:12:45.668+02:00 DEBUG 3776 --- [HabitTracker] [           main] org.hibernate.type.BasicTypeRegistry     : Adding type registration character_nchar -> org.hibernate.type.BasicTypeReference@18d30e7
2024-06-07T16:12:45.668+02:00 DEBUG 3776 --- [HabitTracker] [           main] org.hibernate.type.BasicTypeRegistry     : Adding type registration string -> org.hibernate.type.BasicTypeReference@72b40f87
2024-06-07T16:12:45.668+02:00 DEBUG 3776 --- [HabitTracker] [           main] org.hibernate.type.BasicTypeRegistry     : Adding type registration java.lang.String -> org.hibernate.type.BasicTypeReference@72b40f87
2024-06-07T16:12:45.668+02:00 DEBUG 3776 --- [HabitTracker] [           main] org.hibernate.type.BasicTypeRegistry     : Adding type registration nstring -> org.hibernate.type.BasicTypeReference@2475fba3
2024-06-07T16:12:45.668+02:00 DEBUG 3776 --- [HabitTracker] [           main] org.hibernate.type.BasicTypeRegistry     : Adding type registration characters -> org.hibernate.type.BasicTypeReference@19bf47fc
2024-06-07T16:12:45.668+02:00 DEBUG 3776 --- [HabitTracker] [           main] org.hibernate.type.BasicTypeRegistry     : Adding type registration char[] -> org.hibernate.type.BasicTypeReference@19bf47fc
2024-06-07T16:12:45.668+02:00 DEBUG 3776 --- [HabitTracker] [           main] org.hibernate.type.BasicTypeRegistry     : Adding type registration [C -> org.hibernate.type.BasicTypeReference@19bf47fc
2024-06-07T16:12:45.668+02:00 DEBUG 3776 --- [HabitTracker] [           main] org.hibernate.type.BasicTypeRegistry     : Adding type registration wrapper-characters -> org.hibernate.type.BasicTypeReference@71dd4624
2024-06-07T16:12:45.668+02:00 DEBUG 3776 --- [HabitTracker] [           main] org.hibernate.type.BasicTypeRegistry     : Adding type registration text -> org.hibernate.type.BasicTypeReference@2347b7af
2024-06-07T16:12:45.668+02:00 DEBUG 3776 --- [HabitTracker] [           main] org.hibernate.type.BasicTypeRegistry     : Adding type registration ntext -> org.hibernate.type.BasicTypeReference@2864f887
2024-06-07T16:12:45.668+02:00 DEBUG 3776 --- [HabitTracker] [           main] org.hibernate.type.BasicTypeRegistry     : Adding type registration clob -> org.hibernate.type.BasicTypeReference@4b07cad0
2024-06-07T16:12:45.668+02:00 DEBUG 3776 --- [HabitTracker] [           main] org.hibernate.type.BasicTypeRegistry     : Adding type registration java.sql.Clob -> org.hibernate.type.BasicTypeReference@4b07cad0
2024-06-07T16:12:45.668+02:00 DEBUG 3776 --- [HabitTracker] [           main] org.hibernate.type.BasicTypeRegistry     : Adding type registration nclob -> org.hibernate.type.BasicTypeReference@507049f2
2024-06-07T16:12:45.668+02:00 DEBUG 3776 --- [HabitTracker] [           main] org.hibernate.type.BasicTypeRegistry     : Adding type registration java.sql.NClob -> org.hibernate.type.BasicTypeReference@507049f2
2024-06-07T16:12:45.668+02:00 DEBUG 3776 --- [HabitTracker] [           main] org.hibernate.type.BasicTypeRegistry     : Adding type registration materialized_clob -> org.hibernate.type.BasicTypeReference@4e94669c
2024-06-07T16:12:45.668+02:00 DEBUG 3776 --- [HabitTracker] [           main] org.hibernate.type.BasicTypeRegistry     : Adding type registration materialized_clob_char_array -> org.hibernate.type.BasicTypeReference@41bb1f09
2024-06-07T16:12:45.668+02:00 DEBUG 3776 --- [HabitTracker] [           main] org.hibernate.type.BasicTypeRegistry     : Adding type registration materialized_clob_character_array -> org.hibernate.type.BasicTypeReference@349f0ca4
2024-06-07T16:12:45.668+02:00 DEBUG 3776 --- [HabitTracker] [           main] org.hibernate.type.BasicTypeRegistry     : Adding type registration materialized_nclob -> org.hibernate.type.BasicTypeReference@66f2ec1c
2024-06-07T16:12:45.668+02:00 DEBUG 3776 --- [HabitTracker] [           main] org.hibernate.type.BasicTypeRegistry     : Adding type registration materialized_nclob_character_array -> org.hibernate.type.BasicTypeReference@b3fc6d8
2024-06-07T16:12:45.668+02:00 DEBUG 3776 --- [HabitTracker] [           main] org.hibernate.type.BasicTypeRegistry     : Adding type registration materialized_nclob_char_array -> org.hibernate.type.BasicTypeReference@12e5d3e1
2024-06-07T16:12:45.668+02:00 DEBUG 3776 --- [HabitTracker] [           main] org.hibernate.type.BasicTypeRegistry     : Adding type registration Duration -> org.hibernate.type.BasicTypeReference@5ed31735
2024-06-07T16:12:45.668+02:00 DEBUG 3776 --- [HabitTracker] [           main] org.hibernate.type.BasicTypeRegistry     : Adding type registration java.time.Duration -> org.hibernate.type.BasicTypeReference@5ed31735
2024-06-07T16:12:45.668+02:00 DEBUG 3776 --- [HabitTracker] [           main] org.hibernate.type.BasicTypeRegistry     : Adding type registration LocalDateTime -> org.hibernate.type.BasicTypeReference@2fb082ff
2024-06-07T16:12:45.668+02:00 DEBUG 3776 --- [HabitTracker] [           main] org.hibernate.type.BasicTypeRegistry     : Adding type registration java.time.LocalDateTime -> org.hibernate.type.BasicTypeReference@2fb082ff
2024-06-07T16:12:45.668+02:00 DEBUG 3776 --- [HabitTracker] [           main] org.hibernate.type.BasicTypeRegistry     : Adding type registration LocalDate -> org.hibernate.type.BasicTypeReference@5a4c98d7
2024-06-07T16:12:45.668+02:00 DEBUG 3776 --- [HabitTracker] [           main] org.hibernate.type.BasicTypeRegistry     : Adding type registration java.time.LocalDate -> org.hibernate.type.BasicTypeReference@5a4c98d7
2024-06-07T16:12:45.668+02:00 DEBUG 3776 --- [HabitTracker] [           main] org.hibernate.type.BasicTypeRegistry     : Adding type registration LocalTime -> org.hibernate.type.BasicTypeReference@668a32a4
2024-06-07T16:12:45.668+02:00 DEBUG 3776 --- [HabitTracker] [           main] org.hibernate.type.BasicTypeRegistry     : Adding type registration java.time.LocalTime -> org.hibernate.type.BasicTypeReference@668a32a4
2024-06-07T16:12:45.668+02:00 DEBUG 3776 --- [HabitTracker] [           main] org.hibernate.type.BasicTypeRegistry     : Adding type registration OffsetDateTime -> org.hibernate.type.BasicTypeReference@2026fbff
2024-06-07T16:12:45.668+02:00 DEBUG 3776 --- [HabitTracker] [           main] org.hibernate.type.BasicTypeRegistry     : Adding type registration java.time.OffsetDateTime -> org.hibernate.type.BasicTypeReference@2026fbff
2024-06-07T16:12:45.668+02:00 DEBUG 3776 --- [HabitTracker] [           main] org.hibernate.type.BasicTypeRegistry     : Adding type registration OffsetDateTimeWithTimezone -> org.hibernate.type.BasicTypeReference@baa227e
2024-06-07T16:12:45.668+02:00 DEBUG 3776 --- [HabitTracker] [           main] org.hibernate.type.BasicTypeRegistry     : Adding type registration OffsetDateTimeWithoutTimezone -> org.hibernate.type.BasicTypeReference@351e89fc
2024-06-07T16:12:45.668+02:00 DEBUG 3776 --- [HabitTracker] [           main] org.hibernate.type.BasicTypeRegistry     : Adding type registration OffsetTime -> org.hibernate.type.BasicTypeReference@2b682e9
2024-06-07T16:12:45.668+02:00 DEBUG 3776 --- [HabitTracker] [           main] org.hibernate.type.BasicTypeRegistry     : Adding type registration java.time.OffsetTime -> org.hibernate.type.BasicTypeReference@2b682e9
2024-06-07T16:12:45.668+02:00 DEBUG 3776 --- [HabitTracker] [           main] org.hibernate.type.BasicTypeRegistry     : Adding type registration OffsetTimeUtc -> org.hibernate.type.BasicTypeReference@15586843
2024-06-07T16:12:45.668+02:00 DEBUG 3776 --- [HabitTracker] [           main] org.hibernate.type.BasicTypeRegistry     : Adding type registration OffsetTimeWithTimezone -> org.hibernate.type.BasicTypeReference@4fbb1144
2024-06-07T16:12:45.668+02:00 DEBUG 3776 --- [HabitTracker] [           main] org.hibernate.type.BasicTypeRegistry     : Adding type registration OffsetTimeWithoutTimezone -> org.hibernate.type.BasicTypeReference@e2b3026
2024-06-07T16:12:45.668+02:00 DEBUG 3776 --- [HabitTracker] [           main] org.hibernate.type.BasicTypeRegistry     : Adding type registration ZonedDateTime -> org.hibernate.type.BasicTypeReference@38bc5ac0
2024-06-07T16:12:45.668+02:00 DEBUG 3776 --- [HabitTracker] [           main] org.hibernate.type.BasicTypeRegistry     : Adding type registration java.time.ZonedDateTime -> org.hibernate.type.BasicTypeReference@38bc5ac0
2024-06-07T16:12:45.668+02:00 DEBUG 3776 --- [HabitTracker] [           main] org.hibernate.type.BasicTypeRegistry     : Adding type registration ZonedDateTimeWithTimezone -> org.hibernate.type.BasicTypeReference@6ef037e4
2024-06-07T16:12:45.668+02:00 DEBUG 3776 --- [HabitTracker] [           main] org.hibernate.type.BasicTypeRegistry     : Adding type registration ZonedDateTimeWithoutTimezone -> org.hibernate.type.BasicTypeReference@79d63a4f
2024-06-07T16:12:45.668+02:00 DEBUG 3776 --- [HabitTracker] [           main] org.hibernate.type.BasicTypeRegistry     : Adding type registration date -> org.hibernate.type.BasicTypeReference@2e2b9f53
2024-06-07T16:12:45.668+02:00 DEBUG 3776 --- [HabitTracker] [           main] org.hibernate.type.BasicTypeRegistry     : Adding type registration java.sql.Date -> org.hibernate.type.BasicTypeReference@2e2b9f53
2024-06-07T16:12:45.668+02:00 DEBUG 3776 --- [HabitTracker] [           main] org.hibernate.type.BasicTypeRegistry     : Adding type registration time -> org.hibernate.type.BasicTypeReference@749baa0c
2024-06-07T16:12:45.668+02:00 DEBUG 3776 --- [HabitTracker] [           main] org.hibernate.type.BasicTypeRegistry     : Adding type registration java.sql.Time -> org.hibernate.type.BasicTypeReference@749baa0c
2024-06-07T16:12:45.668+02:00 DEBUG 3776 --- [HabitTracker] [           main] org.hibernate.type.BasicTypeRegistry     : Adding type registration timestamp -> org.hibernate.type.BasicTypeReference@1b3bec6c
2024-06-07T16:12:45.668+02:00 DEBUG 3776 --- [HabitTracker] [           main] org.hibernate.type.BasicTypeRegistry     : Adding type registration java.sql.Timestamp -> org.hibernate.type.BasicTypeReference@1b3bec6c
2024-06-07T16:12:45.668+02:00 DEBUG 3776 --- [HabitTracker] [           main] org.hibernate.type.BasicTypeRegistry     : Adding type registration java.util.Date -> org.hibernate.type.BasicTypeReference@1b3bec6c
2024-06-07T16:12:45.668+02:00 DEBUG 3776 --- [HabitTracker] [           main] org.hibernate.type.BasicTypeRegistry     : Adding type registration calendar -> org.hibernate.type.BasicTypeReference@53f7a906
2024-06-07T16:12:45.668+02:00 DEBUG 3776 --- [HabitTracker] [           main] org.hibernate.type.BasicTypeRegistry     : Adding type registration java.util.Calendar -> org.hibernate.type.BasicTypeReference@53f7a906
2024-06-07T16:12:45.668+02:00 DEBUG 3776 --- [HabitTracker] [           main] org.hibernate.type.BasicTypeRegistry     : Adding type registration java.util.GregorianCalendar -> org.hibernate.type.BasicTypeReference@53f7a906
2024-06-07T16:12:45.668+02:00 DEBUG 3776 --- [HabitTracker] [           main] org.hibernate.type.BasicTypeRegistry     : Adding type registration calendar_date -> org.hibernate.type.BasicTypeReference@2154652c
2024-06-07T16:12:45.668+02:00 DEBUG 3776 --- [HabitTracker] [           main] org.hibernate.type.BasicTypeRegistry     : Adding type registration calendar_time -> org.hibernate.type.BasicTypeReference@8b670c0
2024-06-07T16:12:45.668+02:00 DEBUG 3776 --- [HabitTracker] [           main] org.hibernate.type.BasicTypeRegistry     : Adding type registration instant -> org.hibernate.type.BasicTypeReference@4c2ab536
2024-06-07T16:12:45.668+02:00 DEBUG 3776 --- [HabitTracker] [           main] org.hibernate.type.BasicTypeRegistry     : Adding type registration java.time.Instant -> org.hibernate.type.BasicTypeReference@4c2ab536
2024-06-07T16:12:45.668+02:00 DEBUG 3776 --- [HabitTracker] [           main] org.hibernate.type.BasicTypeRegistry     : Adding type registration uuid -> org.hibernate.type.BasicTypeReference@22fb9a2c
2024-06-07T16:12:45.668+02:00 DEBUG 3776 --- [HabitTracker] [           main] org.hibernate.type.BasicTypeRegistry     : Adding type registration java.util.UUID -> org.hibernate.type.BasicTypeReference@22fb9a2c
2024-06-07T16:12:45.668+02:00 DEBUG 3776 --- [HabitTracker] [           main] org.hibernate.type.BasicTypeRegistry     : Adding type registration pg-uuid -> org.hibernate.type.BasicTypeReference@22fb9a2c
2024-06-07T16:12:45.668+02:00 DEBUG 3776 --- [HabitTracker] [           main] org.hibernate.type.BasicTypeRegistry     : Adding type registration uuid-binary -> org.hibernate.type.BasicTypeReference@2084e65a
2024-06-07T16:12:45.668+02:00 DEBUG 3776 --- [HabitTracker] [           main] org.hibernate.type.BasicTypeRegistry     : Adding type registration uuid-char -> org.hibernate.type.BasicTypeReference@1b8fa2fa
2024-06-07T16:12:45.668+02:00 DEBUG 3776 --- [HabitTracker] [           main] org.hibernate.type.BasicTypeRegistry     : Adding type registration class -> org.hibernate.type.BasicTypeReference@21527b8
2024-06-07T16:12:45.668+02:00 DEBUG 3776 --- [HabitTracker] [           main] org.hibernate.type.BasicTypeRegistry     : Adding type registration java.lang.Class -> org.hibernate.type.BasicTypeReference@21527b8
2024-06-07T16:12:45.668+02:00 DEBUG 3776 --- [HabitTracker] [           main] org.hibernate.type.BasicTypeRegistry     : Adding type registration currency -> org.hibernate.type.BasicTypeReference@7cc1f72c
2024-06-07T16:12:45.668+02:00 DEBUG 3776 --- [HabitTracker] [           main] org.hibernate.type.BasicTypeRegistry     : Adding type registration Currency -> org.hibernate.type.BasicTypeReference@7cc1f72c
2024-06-07T16:12:45.668+02:00 DEBUG 3776 --- [HabitTracker] [           main] org.hibernate.type.BasicTypeRegistry     : Adding type registration java.util.Currency -> org.hibernate.type.BasicTypeReference@7cc1f72c
2024-06-07T16:12:45.668+02:00 DEBUG 3776 --- [HabitTracker] [           main] org.hibernate.type.BasicTypeRegistry     : Adding type registration locale -> org.hibernate.type.BasicTypeReference@7b7068d8
2024-06-07T16:12:45.668+02:00 DEBUG 3776 --- [HabitTracker] [           main] org.hibernate.type.BasicTypeRegistry     : Adding type registration java.util.Locale -> org.hibernate.type.BasicTypeReference@7b7068d8
2024-06-07T16:12:45.668+02:00 DEBUG 3776 --- [HabitTracker] [           main] org.hibernate.type.BasicTypeRegistry     : Adding type registration serializable -> org.hibernate.type.BasicTypeReference@1d8e9d3e
2024-06-07T16:12:45.668+02:00 DEBUG 3776 --- [HabitTracker] [           main] org.hibernate.type.BasicTypeRegistry     : Adding type registration java.io.Serializable -> org.hibernate.type.BasicTypeReference@1d8e9d3e
2024-06-07T16:12:45.668+02:00 DEBUG 3776 --- [HabitTracker] [           main] org.hibernate.type.BasicTypeRegistry     : Adding type registration timezone -> org.hibernate.type.BasicTypeReference@360d41d0
2024-06-07T16:12:45.668+02:00 DEBUG 3776 --- [HabitTracker] [           main] org.hibernate.type.BasicTypeRegistry     : Adding type registration java.util.TimeZone -> org.hibernate.type.BasicTypeReference@360d41d0
2024-06-07T16:12:45.668+02:00 DEBUG 3776 --- [HabitTracker] [           main] org.hibernate.type.BasicTypeRegistry     : Adding type registration ZoneOffset -> org.hibernate.type.BasicTypeReference@4586a8aa
2024-06-07T16:12:45.668+02:00 DEBUG 3776 --- [HabitTracker] [           main] org.hibernate.type.BasicTypeRegistry     : Adding type registration java.time.ZoneOffset -> org.hibernate.type.BasicTypeReference@4586a8aa
2024-06-07T16:12:45.668+02:00 DEBUG 3776 --- [HabitTracker] [           main] org.hibernate.type.BasicTypeRegistry     : Adding type registration url -> org.hibernate.type.BasicTypeReference@3dc82e6a
2024-06-07T16:12:45.668+02:00 DEBUG 3776 --- [HabitTracker] [           main] org.hibernate.type.BasicTypeRegistry     : Adding type registration java.net.URL -> org.hibernate.type.BasicTypeReference@3dc82e6a
2024-06-07T16:12:45.668+02:00 DEBUG 3776 --- [HabitTracker] [           main] org.hibernate.type.BasicTypeRegistry     : Adding type registration vector -> org.hibernate.type.BasicTypeReference@54463380
2024-06-07T16:12:45.668+02:00 DEBUG 3776 --- [HabitTracker] [           main] org.hibernate.type.BasicTypeRegistry     : Adding type registration row_version -> org.hibernate.type.BasicTypeReference@819fb19
2024-06-07T16:12:45.691+02:00 DEBUG 3776 --- [HabitTracker] [           main] org.hibernate.type.BasicTypeRegistry     : Adding type registration object -> org.hibernate.type.JavaObjectType@6136e1fc
2024-06-07T16:12:45.691+02:00 DEBUG 3776 --- [HabitTracker] [           main] org.hibernate.type.BasicTypeRegistry     : Adding type registration java.lang.Object -> org.hibernate.type.JavaObjectType@6136e1fc
2024-06-07T16:12:45.694+02:00 DEBUG 3776 --- [HabitTracker] [           main] org.hibernate.type.BasicTypeRegistry     : Adding type registration null -> org.hibernate.type.NullType@9d99851
2024-06-07T16:12:45.694+02:00 DEBUG 3776 --- [HabitTracker] [           main] org.hibernate.type.BasicTypeRegistry     : Adding type registration imm_date -> org.hibernate.type.BasicTypeReference@4cd7d5e1
2024-06-07T16:12:45.695+02:00 DEBUG 3776 --- [HabitTracker] [           main] org.hibernate.type.BasicTypeRegistry     : Adding type registration imm_time -> org.hibernate.type.BasicTypeReference@46b6701e
2024-06-07T16:12:45.695+02:00 DEBUG 3776 --- [HabitTracker] [           main] org.hibernate.type.BasicTypeRegistry     : Adding type registration imm_timestamp -> org.hibernate.type.BasicTypeReference@3686389
2024-06-07T16:12:45.695+02:00 DEBUG 3776 --- [HabitTracker] [           main] org.hibernate.type.BasicTypeRegistry     : Adding type registration imm_calendar -> org.hibernate.type.BasicTypeReference@71e2c6d8
2024-06-07T16:12:45.695+02:00 DEBUG 3776 --- [HabitTracker] [           main] org.hibernate.type.BasicTypeRegistry     : Adding type registration imm_calendar_date -> org.hibernate.type.BasicTypeReference@4228f269
2024-06-07T16:12:45.695+02:00 DEBUG 3776 --- [HabitTracker] [           main] org.hibernate.type.BasicTypeRegistry     : Adding type registration imm_calendar_time -> org.hibernate.type.BasicTypeReference@376b5cb2
2024-06-07T16:12:45.695+02:00 DEBUG 3776 --- [HabitTracker] [           main] org.hibernate.type.BasicTypeRegistry     : Adding type registration imm_binary -> org.hibernate.type.BasicTypeReference@775f15fd
2024-06-07T16:12:45.695+02:00 DEBUG 3776 --- [HabitTracker] [           main] org.hibernate.type.BasicTypeRegistry     : Adding type registration imm_serializable -> org.hibernate.type.BasicTypeReference@106cd9c8
2024-06-07T16:12:45.882+02:00  INFO 3776 --- [HabitTracker] [           main] o.s.o.j.p.SpringPersistenceUnitInfo      : No LoadTimeWeaver setup: ignoring JPA class transformer
2024-06-07T16:12:45.929+02:00  INFO 3776 --- [HabitTracker] [           main] com.zaxxer.hikari.HikariDataSource       : HikariPool-1 - Starting...
2024-06-07T16:12:46.915+02:00  INFO 3776 --- [HabitTracker] [           main] com.zaxxer.hikari.pool.HikariPool        : HikariPool-1 - Added connection org.postgresql.jdbc.PgConnection@152891f8
2024-06-07T16:12:46.915+02:00  INFO 3776 --- [HabitTracker] [           main] com.zaxxer.hikari.HikariDataSource       : HikariPool-1 - Start completed.
2024-06-07T16:12:47.013+02:00  WARN 3776 --- [HabitTracker] [           main] org.hibernate.orm.deprecation            : HHH90000025: PostgreSQLDialect does not need to be specified explicitly using 'hibernate.dialect' (remove the property setting and it will be selected by default)
2024-06-07T16:12:47.147+02:00 DEBUG 3776 --- [HabitTracker] [           main] o.h.t.d.sql.spi.DdlTypeRegistry          : addDescriptor(2003, org.hibernate.type.descriptor.sql.internal.ArrayDdlTypeImpl@5d74507c) replaced previous registration(org.hibernate.type.descriptor.sql.internal.ArrayDdlTypeImpl@2a984952)
2024-06-07T16:12:47.147+02:00 DEBUG 3776 --- [HabitTracker] [           main] o.h.t.d.sql.spi.DdlTypeRegistry          : addDescriptor(6, org.hibernate.type.descriptor.sql.internal.CapacityDependentDdlType@16944b58) replaced previous registration(org.hibernate.type.descriptor.sql.internal.DdlTypeImpl@1dbc607d)
2024-06-07T16:12:47.149+02:00 DEBUG 3776 --- [HabitTracker] [           main] o.h.t.d.jdbc.spi.JdbcTypeRegistry        : addDescriptor(2004, BlobTypeDescriptor(BLOB_BINDING)) replaced previous registration(BlobTypeDescriptor(DEFAULT))
2024-06-07T16:12:47.149+02:00 DEBUG 3776 --- [HabitTracker] [           main] o.h.t.d.jdbc.spi.JdbcTypeRegistry        : addDescriptor(2005, ClobTypeDescriptor(CLOB_BINDING)) replaced previous registration(ClobTypeDescriptor(DEFAULT))
2024-06-07T16:12:47.158+02:00 DEBUG 3776 --- [HabitTracker] [           main] org.hibernate.type.BasicTypeRegistry     : Adding type registration JAVA_OBJECT -> org.hibernate.type.JavaObjectType@9f48198
2024-06-07T16:12:47.159+02:00 DEBUG 3776 --- [HabitTracker] [           main] org.hibernate.type.BasicTypeRegistry     : Adding type registration java.lang.Object -> org.hibernate.type.JavaObjectType@9f48198
2024-06-07T16:12:47.159+02:00 DEBUG 3776 --- [HabitTracker] [           main] org.hibernate.type.BasicTypeRegistry     : Type registration key [java.lang.Object] overrode previous entry : `org.hibernate.type.JavaObjectType@6136e1fc`
2024-06-07T16:12:47.159+02:00 DEBUG 3776 --- [HabitTracker] [           main] org.hibernate.type.BasicTypeRegistry     : Adding type registration org.hibernate.type.DurationType -> basicType@1(java.time.Duration,3015)
2024-06-07T16:12:47.159+02:00 DEBUG 3776 --- [HabitTracker] [           main] org.hibernate.type.BasicTypeRegistry     : Adding type registration Duration -> basicType@1(java.time.Duration,3015)
2024-06-07T16:12:47.159+02:00 DEBUG 3776 --- [HabitTracker] [           main] org.hibernate.type.BasicTypeRegistry     : Adding type registration java.time.Duration -> basicType@1(java.time.Duration,3015)
2024-06-07T16:12:47.159+02:00 DEBUG 3776 --- [HabitTracker] [           main] org.hibernate.type.BasicTypeRegistry     : Adding type registration org.hibernate.type.OffsetDateTimeType -> basicType@2(java.time.OffsetDateTime,3003)
2024-06-07T16:12:47.159+02:00 DEBUG 3776 --- [HabitTracker] [           main] org.hibernate.type.BasicTypeRegistry     : Adding type registration OffsetDateTime -> basicType@2(java.time.OffsetDateTime,3003)
2024-06-07T16:12:47.159+02:00 DEBUG 3776 --- [HabitTracker] [           main] org.hibernate.type.BasicTypeRegistry     : Adding type registration java.time.OffsetDateTime -> basicType@2(java.time.OffsetDateTime,3003)
2024-06-07T16:12:47.159+02:00 DEBUG 3776 --- [HabitTracker] [           main] org.hibernate.type.BasicTypeRegistry     : Adding type registration org.hibernate.type.ZonedDateTimeType -> basicType@3(java.time.ZonedDateTime,3003)
2024-06-07T16:12:47.159+02:00 DEBUG 3776 --- [HabitTracker] [           main] org.hibernate.type.BasicTypeRegistry     : Adding type registration ZonedDateTime -> basicType@3(java.time.ZonedDateTime,3003)
2024-06-07T16:12:47.159+02:00 DEBUG 3776 --- [HabitTracker] [           main] org.hibernate.type.BasicTypeRegistry     : Adding type registration java.time.ZonedDateTime -> basicType@3(java.time.ZonedDateTime,3003)
2024-06-07T16:12:47.159+02:00 DEBUG 3776 --- [HabitTracker] [           main] org.hibernate.type.BasicTypeRegistry     : Adding type registration org.hibernate.type.OffsetTimeType -> basicType@4(java.time.OffsetTime,3007)
2024-06-07T16:12:47.159+02:00 DEBUG 3776 --- [HabitTracker] [           main] org.hibernate.type.BasicTypeRegistry     : Adding type registration OffsetTime -> basicType@4(java.time.OffsetTime,3007)
2024-06-07T16:12:47.159+02:00 DEBUG 3776 --- [HabitTracker] [           main] org.hibernate.type.BasicTypeRegistry     : Adding type registration java.time.OffsetTime -> basicType@4(java.time.OffsetTime,3007)
2024-06-07T16:12:47.159+02:00 DEBUG 3776 --- [HabitTracker] [           main] o.h.type.spi.TypeConfiguration$Scope     : Scoping TypeConfiguration [org.hibernate.type.spi.TypeConfiguration@78743dd8] to MetadataBuildingContext [org.hibernate.boot.internal.MetadataBuildingContextRootImpl@752494dd]
2024-06-07T16:12:48.134+02:00  INFO 3776 --- [HabitTracker] [           main] o.h.e.t.j.p.i.JtaPlatformInitiator       : HHH000489: No JTA platform available (set 'hibernate.transaction.jta.platform' to enable JTA platform integration)
2024-06-07T16:12:48.134+02:00 DEBUG 3776 --- [HabitTracker] [           main] o.h.type.spi.TypeConfiguration$Scope     : Scoping TypeConfiguration [org.hibernate.type.spi.TypeConfiguration@78743dd8] to SessionFactoryImplementor [org.hibernate.internal.SessionFactoryImpl@b307030]
2024-06-07T16:12:48.774+02:00 TRACE 3776 --- [HabitTracker] [           main] o.h.type.spi.TypeConfiguration$Scope     : Handling #sessionFactoryCreated from [org.hibernate.internal.SessionFactoryImpl@b307030] for TypeConfiguration
2024-06-07T16:12:48.774+02:00  INFO 3776 --- [HabitTracker] [           main] j.LocalContainerEntityManagerFactoryBean : Initialized JPA EntityManagerFactory for persistence unit 'default'
2024-06-07T16:12:49.254+02:00  INFO 3776 --- [HabitTracker] [           main] o.s.d.j.r.query.QueryEnhancerFactory     : Hibernate is in classpath; If applicable, HQL parser will be used.
2024-06-07T16:12:49.665+02:00  WARN 3776 --- [HabitTracker] [           main] JpaBaseConfiguration$JpaWebConfiguration : spring.jpa.open-in-view is enabled by default. Therefore, database queries may be performed during view rendering. Explicitly configure spring.jpa.open-in-view to disable this warning
2024-06-07T16:12:50.194+02:00  INFO 3776 --- [HabitTracker] [           main] o.s.b.a.e.web.EndpointLinksResolver      : Exposing 1 endpoint(s) beneath base path '/actuator'
2024-06-07T16:12:50.241+02:00  INFO 3776 --- [HabitTracker] [           main] o.s.s.web.DefaultSecurityFilterChain     : Will secure any request with [org.springframework.security.web.session.DisableEncodeUrlFilter@3ec8c874, org.springframework.security.web.context.request.async.WebAsyncManagerIntegrationFilter@6a339bc1, org.springframework.security.web.context.SecurityContextHolderFilter@27828021, org.springframework.security.web.header.HeaderWriterFilter@65f1bf2c, org.springframework.web.filter.CorsFilter@7906de2f, org.springframework.security.web.authentication.logout.LogoutFilter@275860e9, com.HabitTracker.HabitTracker.JWT.JwtAuthenticationFilter@65a01901, org.springframework.security.web.savedrequest.RequestCacheAwareFilter@6e18bc2f, org.springframework.security.web.servletapi.SecurityContextHolderAwareRequestFilter@3f7d20c5, org.springframework.security.web.authentication.AnonymousAuthenticationFilter@574f89bf, org.springframework.security.web.session.SessionManagementFilter@412b90cc, org.springframework.security.web.access.ExceptionTranslationFilter@4746b319, org.springframework.security.web.access.intercept.AuthorizationFilter@2b3cbc2c]
2024-06-07T16:12:50.768+02:00  INFO 3776 --- [HabitTracker] [           main] c.H.H.HabitTrackerApplicationTests       : Started HabitTrackerApplicationTests in 7.355 seconds (process running for 8.291)
]]></system-out>
    <system-err><![CDATA[WARNING: A Java agent has been loaded dynamically (C:\Users\xamue\.m2\repository\net\bytebuddy\byte-buddy-agent\1.14.16\byte-buddy-agent-1.14.16.jar)
WARNING: If a serviceability tool is in use, please run with -XX:+EnableDynamicAgentLoading to hide this warning
WARNING: If a serviceability tool is not in use, please run with -Djdk.instrument.traceUsage for more information
WARNING: Dynamic loading of agents will be disallowed by default in a future release
]]></system-err>
  </testcase>
</testsuite>